<?xml version="1.0" encoding="UTF-8"?>
<testng-results skipped="0" failed="0" ignored="0" total="2" passed="2">
  <reporter-output>
  </reporter-output>
  <suite name="Suite" duration-ms="142901" started-at="2018-09-06T21:54:18Z" finished-at="2018-09-06T21:56:41Z">
    <groups>
    </groups>
    <test name="TC#1 Checkout Header - Verify the layout of the header on the checkout pages (Shipping, Billing, Submit Order, Confirmation)." duration-ms="55862" started-at="2018-09-06T21:54:18Z" finished-at="2018-09-06T21:55:14Z">
      <class name="UAT.BrookstoneTests.TestCase1">
        <test-method status="PASS" signature="initialize()[pri:0, instance:UAT.BrookstoneTests.TestCase1@30ee2816]" name="initialize" is-config="true" duration-ms="8002" started-at="2018-09-06T21:54:18Z" finished-at="2018-09-06T21:54:26Z">
          <reporter-output>
          </reporter-output>
        </test-method> <!-- initialize -->
        <test-method status="PASS" signature="TC1()[pri:0, instance:UAT.BrookstoneTests.TestCase1@30ee2816]" name="TC1" duration-ms="47752" started-at="2018-09-06T21:54:26Z" finished-at="2018-09-06T21:55:14Z">
          <reporter-output>
          </reporter-output>
        </test-method> <!-- TC1 -->
        <test-method status="PASS" signature="teardown()[pri:0, instance:UAT.BrookstoneTests.TestCase1@30ee2816]" name="teardown" is-config="true" duration-ms="86" started-at="2018-09-06T21:55:14Z" finished-at="2018-09-06T21:55:14Z">
          <reporter-output>
          </reporter-output>
        </test-method> <!-- teardown -->
      </class> <!-- UAT.BrookstoneTests.TestCase1 -->
    </test> <!-- TC#1 Checkout Header - Verify the layout of the header on the checkout pages (Shipping, Billing, Submit Order, Confirmation). -->
    <test name="TC#2 Checkout Header - Verify the functionality of header elements on the checkout pages." duration-ms="87021" started-at="2018-09-06T21:55:14Z" finished-at="2018-09-06T21:56:41Z">
      <class name="UAT.BrookstoneTests.TestCase2">
        <test-method status="PASS" signature="initialize()[pri:0, instance:UAT.BrookstoneTests.TestCase2@3c407114]" name="initialize" is-config="true" duration-ms="6369" started-at="2018-09-06T21:55:14Z" finished-at="2018-09-06T21:55:20Z">
          <reporter-output>
          </reporter-output>
        </test-method> <!-- initialize -->
        <test-method status="PASS" signature="TC2()[pri:0, instance:UAT.BrookstoneTests.TestCase2@3c407114]" name="TC2" duration-ms="80592" started-at="2018-09-06T21:55:20Z" finished-at="2018-09-06T21:56:41Z">
          <reporter-output>
          </reporter-output>
        </test-method> <!-- TC2 -->
        <test-method status="PASS" signature="teardown()[pri:0, instance:UAT.BrookstoneTests.TestCase2@3c407114]" name="teardown" is-config="true" duration-ms="59" started-at="2018-09-06T21:56:41Z" finished-at="2018-09-06T21:56:41Z">
          <reporter-output>
          </reporter-output>
        </test-method> <!-- teardown -->
      </class> <!-- UAT.BrookstoneTests.TestCase2 -->
    </test> <!-- TC#2 Checkout Header - Verify the functionality of header elements on the checkout pages. -->
  </suite> <!-- Suite -->
</testng-results>
