<?xml version="1.0" encoding="UTF-8"?>
<testng-results skipped="0" failed="0" ignored="0" total="1" passed="1">
  <reporter-output>
  </reporter-output>
  <suite name="Default suite" duration-ms="82161" started-at="2018-09-06T20:34:51Z" finished-at="2018-09-06T20:36:13Z">
    <groups>
    </groups>
    <test name="Default test" duration-ms="82161" started-at="2018-09-06T20:34:51Z" finished-at="2018-09-06T20:36:13Z">
      <class name="UAT.BrookstoneTests.TestCase1">
        <test-method status="PASS" signature="initialize()[pri:0, instance:UAT.BrookstoneTests.TestCase1@34a3d150]" name="initialize" is-config="true" duration-ms="10108" started-at="2018-09-06T20:34:51Z" finished-at="2018-09-06T20:35:01Z">
          <reporter-output>
          </reporter-output>
        </test-method> <!-- initialize -->
        <test-method status="PASS" signature="TC1()[pri:0, instance:UAT.BrookstoneTests.TestCase1@34a3d150]" name="TC1" duration-ms="71846" started-at="2018-09-06T20:35:01Z" finished-at="2018-09-06T20:36:13Z">
          <reporter-output>
          </reporter-output>
        </test-method> <!-- TC1 -->
        <test-method status="PASS" signature="teardown()[pri:0, instance:UAT.BrookstoneTests.TestCase1@34a3d150]" name="teardown" is-config="true" duration-ms="181" started-at="2018-09-06T20:36:13Z" finished-at="2018-09-06T20:36:13Z">
          <reporter-output>
          </reporter-output>
        </test-method> <!-- teardown -->
      </class> <!-- UAT.BrookstoneTests.TestCase1 -->
    </test> <!-- Default test -->
  </suite> <!-- Default suite -->
</testng-results>
